   1               		.file	"main.c"
   2               	__SREG__ = 0x3f
   3               	__SP_H__ = 0x3e
   4               	__SP_L__ = 0x3d
   5               	__CCP__  = 0x34
   6               	__tmp_reg__ = 0
   7               	__zero_reg__ = 1
  15               	.Ltext0:
  16               	.global	main
  18               	main:
  19               	.LFB6:
  20               	.LM1:
  21               	/* prologue: function */
  22               	/* frame size = 0 */
  23               	.LM2:
  24 0000 81E0      		ldi r24,lo8(1)
  25 0002 0E94 0000 		call Kernel_Clock_Prescale
  26               	.LM3:
  27 0006 0E94 0000 		call Kernel_Init
  28               	.LM4:
  29 000a 80E0      		ldi r24,lo8(gs(Tasks_Task1))
  30 000c 90E0      		ldi r25,hi8(gs(Tasks_Task1))
  31 000e 60E0      		ldi r22,lo8(0)
  32 0010 0E94 0000 		call Kernel_Task_Create
  33               	.LM5:
  34 0014 80E0      		ldi r24,lo8(gs(Tasks_Task2))
  35 0016 90E0      		ldi r25,hi8(gs(Tasks_Task2))
  36 0018 61E0      		ldi r22,lo8(1)
  37 001a 0E94 0000 		call Kernel_Task_Create
  38               	.LM6:
  39 001e 80E0      		ldi r24,lo8(gs(Tasks_Task3))
  40 0020 90E0      		ldi r25,hi8(gs(Tasks_Task3))
  41 0022 62E0      		ldi r22,lo8(2)
  42 0024 0E94 0000 		call Kernel_Task_Create
  43               	.LM7:
  44 0028 80E0      		ldi r24,lo8(gs(Tasks_Task4))
  45 002a 90E0      		ldi r25,hi8(gs(Tasks_Task4))
  46 002c 63E0      		ldi r22,lo8(3)
  47 002e 0E94 0000 		call Kernel_Task_Create
  48               	.LM8:
  49 0032 80E0      		ldi r24,lo8(gs(Tasks_Task5))
  50 0034 90E0      		ldi r25,hi8(gs(Tasks_Task5))
  51 0036 64E0      		ldi r22,lo8(4)
  52 0038 0E94 0000 		call Kernel_Task_Create
  53               	.LM9:
  54 003c 80E0      		ldi r24,lo8(gs(Tasks_Disable_Peripherals))
  55 003e 90E0      		ldi r25,hi8(gs(Tasks_Disable_Peripherals))
  56 0040 0E94 0000 		call Kernel_PreSleep_Hook
  57               	.LM10:
  58 0044 0E94 0000 		call Kernel_Start_Tasks
  59               	.L2:
  60 0048 00C0      		rjmp .L2
  61               	.LFE6:
  87               	.Letext0:
DEFINED SYMBOLS
                            *ABS*:00000000 main.c
C:\Users\WALTON\AppData\Local\Temp/cc6Wb0zx.s:2      *ABS*:0000003f __SREG__
C:\Users\WALTON\AppData\Local\Temp/cc6Wb0zx.s:3      *ABS*:0000003e __SP_H__
C:\Users\WALTON\AppData\Local\Temp/cc6Wb0zx.s:4      *ABS*:0000003d __SP_L__
C:\Users\WALTON\AppData\Local\Temp/cc6Wb0zx.s:5      *ABS*:00000034 __CCP__
C:\Users\WALTON\AppData\Local\Temp/cc6Wb0zx.s:6      *ABS*:00000000 __tmp_reg__
C:\Users\WALTON\AppData\Local\Temp/cc6Wb0zx.s:7      *ABS*:00000001 __zero_reg__
C:\Users\WALTON\AppData\Local\Temp/cc6Wb0zx.s:18     .text:00000000 main

UNDEFINED SYMBOLS
Kernel_Clock_Prescale
Kernel_Init
Tasks_Task1
Kernel_Task_Create
Tasks_Task2
Tasks_Task3
Tasks_Task4
Tasks_Task5
Tasks_Disable_Peripherals
Kernel_PreSleep_Hook
Kernel_Start_Tasks
